<?xml version="1.0" encoding="UTF-8"?>
<!-- Generated by org.testng.reporters.JUnitReportReporter -->
<testsuite hostname="LAPTOP-8FVHUTHF" name="Academy1.homepage" tests="2" failures="0" timestamp="26 Dec 2019 19:37:29 GMT" time="46.429" errors="0">
  <testcase name="PageNavigation" time="32.526" classname="Academy1.homepage"/>
  <testcase name="PageNavigation" time="13.903" classname="Academy1.homepage"/>
</testsuite> <!-- Academy1.homepage -->
