<?xml version="1.0" encoding="UTF-8"?>
<!-- Generated by org.testng.reporters.JUnitReportReporter -->
<testsuite hostname="LAPTOP-8FVHUTHF" name="Academy1.AppTest" tests="1" failures="0" timestamp="26 Dec 2019 19:37:29 GMT" time="0.005" errors="0">
  <testcase name="testApp" time="0.005" classname="Academy1.AppTest"/>
</testsuite> <!-- Academy1.AppTest -->
