<?xml version="1.0" encoding="UTF-8"?>
<!-- Generated by org.testng.reporters.JUnitReportReporter -->
<testsuite hostname="LAPTOP-8FVHUTHF" name="Academy1.validation_homepage" tests="1" failures="0" timestamp="26 Dec 2019 19:37:29 GMT" time="0.607" errors="0">
  <testcase name="PageNavigation" time="0.607" classname="Academy1.validation_homepage"/>
</testsuite> <!-- Academy1.validation_homepage -->
